<?xml version="1.0" encoding="UTF-8"?>
<!-- Generated by org.testng.reporters.JUnitXMLReporter -->
<testsuite hostname="Lenovo" ignored="0" name="Default test" tests="4" failures="0" timestamp="2021-03-04T11:17:27 IST" time="0.497" errors="0">
  <testcase name="laptopSearch" time="0.067" classname="com.TestNg_Concepts.Priority_Concept"/>
  <testcase name="earphonesSearch" time="0.008" classname="com.TestNg_Concepts.Priority_Concept"/>
  <testcase name="mobileSearch" time="0.015" classname="com.TestNg_Concepts.Priority_Concept"/>
  <testcase name="bookSearch" time="0.05" classname="com.TestNg_Concepts.Priority_Concept"/>
</testsuite> <!-- Default test -->
