<?xml version="1.0" encoding="UTF-8"?>
<!-- Generated by org.testng.reporters.JUnitXMLReporter -->
<testsuite hostname="Lenovo" ignored="3" name="Test" tests="1" failures="0" timestamp="2021-03-04T11:08:43 IST" time="0.353" errors="0">
  <testcase name="mobileSearch" time="0.049" classname="com.TestNg_Concepts.Ignore_Concept"/>
  <testcase name="laptopSearch" time="0.0" classname="com.TestNg_Concepts.Ignore_Concept">
    <ignored/>
  </testcase> <!-- laptopSearch -->
  <testcase name="earphonesSearch" time="0.0" classname="com.TestNg_Concepts.Ignore_Concept">
    <ignored/>
  </testcase> <!-- earphonesSearch -->
  <testcase name="bookSearch" time="0.0" classname="com.TestNg_Concepts.Ignore_Concept">
    <ignored/>
  </testcase> <!-- bookSearch -->
</testsuite> <!-- Test -->
