<?xml version="1.0" encoding="UTF-8"?>
<testng-results skipped="0" failed="0" ignored="0" total="4" passed="4">
  <reporter-output>
  </reporter-output>
  <suite name="Default suite" duration-ms="497" started-at="2021-03-04T11:17:26 IST" finished-at="2021-03-04T11:17:27 IST">
    <groups>
    </groups>
    <test name="Default test" duration-ms="497" started-at="2021-03-04T11:17:26 IST" finished-at="2021-03-04T11:17:27 IST">
      <class name="com.TestNg_Concepts.Priority_Concept">
        <test-method status="PASS" signature="laptopSearch()[pri:-1, instance:com.TestNg_Concepts.Priority_Concept@4e1d422d]" name="laptopSearch" duration-ms="67" started-at="2021-03-04T11:17:26 IST" finished-at="2021-03-04T11:17:26 IST">
          <reporter-output>
          </reporter-output>
        </test-method> <!-- laptopSearch -->
        <test-method status="PASS" signature="earphonesSearch()[pri:0, instance:com.TestNg_Concepts.Priority_Concept@4e1d422d]" name="earphonesSearch" duration-ms="8" started-at="2021-03-04T11:17:26 IST" finished-at="2021-03-04T11:17:26 IST">
          <reporter-output>
          </reporter-output>
        </test-method> <!-- earphonesSearch -->
        <test-method status="PASS" signature="mobileSearch()[pri:0, instance:com.TestNg_Concepts.Priority_Concept@4e1d422d]" name="mobileSearch" duration-ms="15" started-at="2021-03-04T11:17:26 IST" finished-at="2021-03-04T11:17:26 IST">
          <reporter-output>
          </reporter-output>
        </test-method> <!-- mobileSearch -->
        <test-method status="PASS" signature="bookSearch()[pri:1, instance:com.TestNg_Concepts.Priority_Concept@4e1d422d]" name="bookSearch" duration-ms="50" started-at="2021-03-04T11:17:27 IST" finished-at="2021-03-04T11:17:27 IST">
          <reporter-output>
          </reporter-output>
        </test-method> <!-- bookSearch -->
      </class> <!-- com.TestNg_Concepts.Priority_Concept -->
    </test> <!-- Default test -->
  </suite> <!-- Default suite -->
</testng-results>
